<?xml version="1.0" encoding="UTF-8"?>
<testng-results ignored="0" total="1" passed="0" failed="1" skipped="0">
  <reporter-output>
  </reporter-output>
  <suite started-at="2023-02-22T01:03:07Z" name="com.cogmento.automation.web Test Suite with Chrome" finished-at="2023-02-22T01:03:29Z" duration-ms="21901">
    <groups>
    </groups>
    <test started-at="2023-02-22T01:03:07Z" name="MyTest" finished-at="2023-02-22T01:03:29Z" duration-ms="21901">
      <class name="com.cogmento.automation.web.test.MyTest">
        <test-method is-config="true" signature="setup(java.lang.String, java.lang.String)[pri:0, instance:com.cogmento.automation.web.test.MyTest@28261e8e]" started-at="2023-02-22T01:03:08Z" name="setup" finished-at="2023-02-22T01:03:11Z" duration-ms="3658" status="PASS">
          <params>
            <param index="0">
              <value>
                <![CDATA[chrome]]>
              </value>
            </param>
            <param index="1">
              <value>
                <![CDATA[https://cogmento.com]]>
              </value>
            </param>
          </params>
          <reporter-output>
          </reporter-output>
        </test-method> <!-- setup -->
        <test-method signature="addCompanyTest(java.util.Map)[pri:0, instance:com.cogmento.automation.web.test.MyTest@28261e8e]" started-at="2023-02-22T01:03:11Z" name="addCompanyTest" data-provider="companyDataProvider" finished-at="2023-02-22T01:03:29Z" duration-ms="17483" status="FAIL">
          <params>
            <param index="0">
              <value>
                <![CDATA[{Phone - Type=Office, Description=Origin are a global leader in the design and manufacture of custom aluminum bi-fold doors and windows.
Combining a high grade aluminum with precision engineering, Origin have a proven track record in providing high quality, functional and stylish products that are built to last., Category=Prospect, Phone - Country=United States, Website=www.originbifolds.com, Address - Country=United States, Social Channels - Twitter Handle=@originbifolds, Annual Revenue=10000000, Address - Zip Code=34292, Stock Symbol=ORN, Source=Internet, Name=Origin USA Inc., Industry=Construction - Interiors, Address - Street Address=700 Commerce Drive, Identifier=10001, VAT Number=1234567, exe file suffix for Image Upload=originIncUsa.exe, Social Channels - Facebook Profile Link=https://www.facebook.com/OriginBifoldsUSA, Tags=bi-fold patio doors; best interiors; bi-fold windows, Status=Active, Address - City=Venice, Priority=High, Social Channels - LinkedIn Profile Link=https://www.linkedin.com/company/origin-frames, Num. of Employees=100, Address - State/County=Florida, Phone - Number=941-484-4861}]]>
              </value>
            </param>
          </params>
          <exception class="org.openqa.selenium.NoSuchElementException">
            <message>
              <![CDATA[no such element: Unable to locate element: {"method":"xpath","selector":"//input[@name='url']"}
  (Session info: chrome=110.0.5481.104)
For documentation on this error, please visit: https://www.seleniumhq.org/exceptions/no_such_element.html
Build info: version: '3.141.59', revision: 'e82be7d358', time: '2018-11-14T08:17:03'
System info: host: 'DESKTOP-DI0P6JK', ip: '10.0.0.41', os.name: 'Windows 11', os.arch: 'amd64', os.version: '10.0', java.version: '18.0.2.1'
Driver info: org.openqa.selenium.chrome.ChromeDriver
Capabilities {acceptInsecureCerts: false, browserName: chrome, browserVersion: 110.0.5481.104, chrome: {chromedriverVersion: 110.0.5481.77 (65ed616c6e8e..., userDataDir: C:\Users\harini\AppData\Loc...}, goog:chromeOptions: {debuggerAddress: localhost:63923}, javascriptEnabled: true, networkConnectionEnabled: false, pageLoadStrategy: normal, platform: WINDOWS, platformName: WINDOWS, proxy: Proxy(), setWindowRect: true, strictFileInteractability: false, timeouts: {implicit: 0, pageLoad: 300000, script: 30000}, unhandledPromptBehavior: dismiss and notify, webauthn:extension:credBlob: true, webauthn:extension:largeBlob: true, webauthn:virtualAuthenticators: true}
Session ID: 6c36ff32548aa3cc318d6732246e1a41
*** Element info: {Using=xpath, value=//input[@name='url']}]]>
            </message>
            <full-stacktrace>
              <![CDATA[org.openqa.selenium.NoSuchElementException: no such element: Unable to locate element: {"method":"xpath","selector":"//input[@name='url']"}
  (Session info: chrome=110.0.5481.104)
For documentation on this error, please visit: https://www.seleniumhq.org/exceptions/no_such_element.html
Build info: version: '3.141.59', revision: 'e82be7d358', time: '2018-11-14T08:17:03'
System info: host: 'DESKTOP-DI0P6JK', ip: '10.0.0.41', os.name: 'Windows 11', os.arch: 'amd64', os.version: '10.0', java.version: '18.0.2.1'
Driver info: org.openqa.selenium.chrome.ChromeDriver
Capabilities {acceptInsecureCerts: false, browserName: chrome, browserVersion: 110.0.5481.104, chrome: {chromedriverVersion: 110.0.5481.77 (65ed616c6e8e..., userDataDir: C:\Users\harini\AppData\Loc...}, goog:chromeOptions: {debuggerAddress: localhost:63923}, javascriptEnabled: true, networkConnectionEnabled: false, pageLoadStrategy: normal, platform: WINDOWS, platformName: WINDOWS, proxy: Proxy(), setWindowRect: true, strictFileInteractability: false, timeouts: {implicit: 0, pageLoad: 300000, script: 30000}, unhandledPromptBehavior: dismiss and notify, webauthn:extension:credBlob: true, webauthn:extension:largeBlob: true, webauthn:virtualAuthenticators: true}
Session ID: 6c36ff32548aa3cc318d6732246e1a41
*** Element info: {Using=xpath, value=//input[@name='url']}
at java.base/jdk.internal.reflect.DirectConstructorHandleAccessor.newInstance(DirectConstructorHandleAccessor.java:67)
at java.base/java.lang.reflect.Constructor.newInstanceWithCaller(Constructor.java:499)
at java.base/java.lang.reflect.Constructor.newInstance(Constructor.java:483)
at org.openqa.selenium.remote.http.W3CHttpResponseCodec.createException(W3CHttpResponseCodec.java:187)
at org.openqa.selenium.remote.http.W3CHttpResponseCodec.decode(W3CHttpResponseCodec.java:122)
at org.openqa.selenium.remote.http.W3CHttpResponseCodec.decode(W3CHttpResponseCodec.java:49)
at org.openqa.selenium.remote.HttpCommandExecutor.execute(HttpCommandExecutor.java:158)
at org.openqa.selenium.remote.service.DriverCommandExecutor.execute(DriverCommandExecutor.java:83)
at org.openqa.selenium.remote.RemoteWebDriver.execute(RemoteWebDriver.java:552)
at org.openqa.selenium.remote.RemoteWebDriver.findElement(RemoteWebDriver.java:323)
at org.openqa.selenium.remote.RemoteWebDriver.findElementByXPath(RemoteWebDriver.java:428)
at org.openqa.selenium.By$ByXPath.findElement(By.java:353)
at org.openqa.selenium.remote.RemoteWebDriver.findElement(RemoteWebDriver.java:315)
at java.base/jdk.internal.reflect.DirectMethodHandleAccessor.invoke(DirectMethodHandleAccessor.java:104)
at java.base/java.lang.reflect.Method.invoke(Method.java:577)
at org.openqa.selenium.support.events.EventFiringWebDriver.lambda$new$1(EventFiringWebDriver.java:105)
at jdk.proxy2/jdk.proxy2.$Proxy12.findElement(Unknown Source)
at org.openqa.selenium.support.events.EventFiringWebDriver.findElement(EventFiringWebDriver.java:194)
at com.cogmento.automation.web.page.CompanyAddOrEditPage.getWebsite(CompanyAddOrEditPage.java:271)
at com.cogmento.automation.web.page.CompanyAddOrEditPage.clickWebsite(CompanyAddOrEditPage.java:280)
at com.cogmento.automation.web.page.CompanyAddOrEditPage.setTextWebsite(CompanyAddOrEditPage.java:290)
at com.cogmento.automation.web.test.MyTest.addCompanyTest(MyTest.java:51)
at java.base/jdk.internal.reflect.DirectMethodHandleAccessor.invoke(DirectMethodHandleAccessor.java:104)
at java.base/java.lang.reflect.Method.invoke(Method.java:577)
at org.testng.internal.MethodInvocationHelper.invokeMethod(MethodInvocationHelper.java:124)
at org.testng.internal.Invoker.invokeMethod(Invoker.java:583)
at org.testng.internal.Invoker.invokeTestMethod(Invoker.java:719)
at org.testng.internal.Invoker.invokeTestMethods(Invoker.java:989)
at org.testng.internal.TestMethodWorker.invokeTestMethods(TestMethodWorker.java:125)
at org.testng.internal.TestMethodWorker.run(TestMethodWorker.java:109)
at org.testng.TestRunner.privateRun(TestRunner.java:648)
at org.testng.TestRunner.run(TestRunner.java:505)
at org.testng.SuiteRunner.runTest(SuiteRunner.java:455)
at org.testng.SuiteRunner.runSequentially(SuiteRunner.java:450)
at org.testng.SuiteRunner.privateRun(SuiteRunner.java:415)
at org.testng.SuiteRunner.run(SuiteRunner.java:364)
at org.testng.SuiteRunnerWorker.runSuite(SuiteRunnerWorker.java:52)
at org.testng.SuiteRunnerWorker.run(SuiteRunnerWorker.java:84)
at org.testng.TestNG.runSuitesSequentially(TestNG.java:1208)
at org.testng.TestNG.runSuitesLocally(TestNG.java:1137)
at org.testng.TestNG.runSuites(TestNG.java:1049)
at org.testng.TestNG.run(TestNG.java:1017)
at org.testng.remote.AbstractRemoteTestNG.run(AbstractRemoteTestNG.java:115)
at org.testng.remote.RemoteTestNG.initAndRun(RemoteTestNG.java:251)
at org.testng.remote.RemoteTestNG.main(RemoteTestNG.java:77)
]]>
            </full-stacktrace>
          </exception> <!-- org.openqa.selenium.NoSuchElementException -->
          <reporter-output>
          </reporter-output>
        </test-method> <!-- addCompanyTest -->
        <test-method is-config="true" signature="teardown()[pri:0, instance:com.cogmento.automation.web.test.MyTest@28261e8e]" started-at="2023-02-22T01:03:29Z" name="teardown" finished-at="2023-02-22T01:03:29Z" duration-ms="168" status="PASS">
          <reporter-output>
          </reporter-output>
        </test-method> <!-- teardown -->
      </class> <!-- com.cogmento.automation.web.test.MyTest -->
    </test> <!-- MyTest -->
  </suite> <!-- com.cogmento.automation.web Test Suite with Chrome -->
</testng-results>
